<?xml version="1.0" encoding="UTF-8"?>
<testng-results skipped="0" failed="0" ignored="0" total="1" passed="1">
  <reporter-output>
  </reporter-output>
  <suite name="Default suite" duration-ms="32014" started-at="2018-10-29T03:37:54Z" finished-at="2018-10-29T03:38:26Z">
    <groups>
    </groups>
    <test name="Default test" duration-ms="32014" started-at="2018-10-29T03:37:54Z" finished-at="2018-10-29T03:38:26Z">
      <class name="org.framework.Framework.Testng">
        <test-method status="PASS" signature="before()[pri:0, instance:org.framework.Framework.Testng@91161c7]" name="before" is-config="true" duration-ms="16" started-at="2018-10-29T03:37:54Z" finished-at="2018-10-29T03:37:54Z">
          <reporter-output>
          </reporter-output>
        </test-method> <!-- before -->
        <test-method status="PASS" signature="beforeClass()[pri:0, instance:org.framework.Framework.Testng@91161c7]" name="beforeClass" is-config="true" duration-ms="12809" started-at="2018-10-29T03:37:54Z" finished-at="2018-10-29T03:38:07Z">
          <reporter-output>
          </reporter-output>
        </test-method> <!-- beforeClass -->
        <test-method status="PASS" signature="test1()[pri:0, instance:org.framework.Framework.Testng@91161c7]" name="test1" duration-ms="17025" started-at="2018-10-29T03:38:07Z" finished-at="2018-10-29T03:38:24Z">
          <reporter-output>
          </reporter-output>
        </test-method> <!-- test1 -->
        <test-method status="PASS" signature="after()[pri:0, instance:org.framework.Framework.Testng@91161c7]" name="after" is-config="true" duration-ms="2" started-at="2018-10-29T03:38:24Z" finished-at="2018-10-29T03:38:24Z">
          <reporter-output>
          </reporter-output>
        </test-method> <!-- after -->
        <test-method status="PASS" signature="afterClass()[pri:0, instance:org.framework.Framework.Testng@91161c7]" name="afterClass" is-config="true" duration-ms="2129" started-at="2018-10-29T03:38:24Z" finished-at="2018-10-29T03:38:26Z">
          <reporter-output>
          </reporter-output>
        </test-method> <!-- afterClass -->
      </class> <!-- org.framework.Framework.Testng -->
    </test> <!-- Default test -->
  </suite> <!-- Default suite -->
</testng-results>
